0 info it worked if it ends with ok
1 verbose cli [ '/Users/kaimakle/.nvm/versions/node/v5.0.0/bin/node',
1 verbose cli   '/Users/kaimakle/.nvm/versions/node/v5.0.0/bin/npm',
1 verbose cli   'install',
1 verbose cli   'mysql@5.5.0' ]
2 info using npm@3.3.6
3 info using node@v5.0.0
4 silly loadCurrentTree Starting
5 silly install loadCurrentTree
6 silly install readLocalPackageData
7 silly fetchPackageMetaData mysql@5.5.0
8 silly fetchNamedPackageData mysql
9 silly mapToRegistry name mysql
10 silly mapToRegistry using default registry
11 silly mapToRegistry registry https://registry.npmjs.org/
12 silly mapToRegistry uri https://registry.npmjs.org/mysql
13 verbose request uri https://registry.npmjs.org/mysql
14 verbose request no auth needed
15 info attempt registry request try #1 at 1:21:21 PM
16 verbose request id 9a57714fc1355890
17 verbose etag W/"58a10f45-21d3c"
18 verbose lastModified Mon, 13 Feb 2017 01:43:33 GMT
19 http request GET https://registry.npmjs.org/mysql
20 http 304 https://registry.npmjs.org/mysql
21 verbose headers { date: 'Wed, 15 Feb 2017 13:21:21 GMT',
21 verbose headers   via: '1.1 varnish',
21 verbose headers   'cache-control': 'max-age=300',
21 verbose headers   etag: 'W/"58a10f45-21d3c"',
21 verbose headers   age: '213',
21 verbose headers   connection: 'keep-alive',
21 verbose headers   'x-served-by': 'cache-lhr6324-LHR',
21 verbose headers   'x-cache': 'HIT',
21 verbose headers   'x-cache-hits': '1',
21 verbose headers   'x-timer': 'S1487164881.170981,VS0,VE0',
21 verbose headers   vary: 'Accept-Encoding' }
22 silly get cb [ 304,
22 silly get   { date: 'Wed, 15 Feb 2017 13:21:21 GMT',
22 silly get     via: '1.1 varnish',
22 silly get     'cache-control': 'max-age=300',
22 silly get     etag: 'W/"58a10f45-21d3c"',
22 silly get     age: '213',
22 silly get     connection: 'keep-alive',
22 silly get     'x-served-by': 'cache-lhr6324-LHR',
22 silly get     'x-cache': 'HIT',
22 silly get     'x-cache-hits': '1',
22 silly get     'x-timer': 'S1487164881.170981,VS0,VE0',
22 silly get     vary: 'Accept-Encoding' } ]
23 verbose etag https://registry.npmjs.org/mysql from cache
24 verbose get saving mysql to /Users/kaimakle/.npm/registry.npmjs.org/mysql/.cache.json
25 silly fetchPackageMetaData Error: No compatible version found: mysql@5.5.0
25 silly fetchPackageMetaData Valid install targets:
25 silly fetchPackageMetaData ["2.13.0","2.12.0","2.11.1","2.11.0","2.10.2","2.10.1","2.10.0","2.9.0","2.8.0","2.7.0","2.6.2","2.6.1","2.6.0","2.5.5","2.5.4","2.5.3","2.5.2","2.5.1","2.5.0","2.4.3","2.4.2","2.4.1","2.4.0","2.3.2","2.3.1","2.3.0","2.2.0","2.1.1","2.1.0","2.0.1","2.0.0","2.0.0-rc2","2.0.0-rc1","2.0.0-alpha9","2.0.0-alpha8","2.0.0-alpha7","2.0.0-alpha6","2.0.0-alpha5","2.0.0-alpha4","2.0.0-alpha3","2.0.0-alpha2","2.0.0-alpha","0.9.6","0.9.5","0.9.4","0.9.3","0.9.2","0.9.1","0.9.0","0.8.0","0.7.0","0.6.0","0.5.0","0.4.0","0.3.0","0.2.0","0.1.0"]
25 silly fetchPackageMetaData
25 silly fetchPackageMetaData     at pickVersionFromRegistryDocument (/Users/kaimakle/.nvm/versions/node/v5.0.0/lib/node_modules/npm/lib/fetch-package-metadata.js:146:16)
25 silly fetchPackageMetaData     at /Users/kaimakle/.nvm/versions/node/v5.0.0/lib/node_modules/npm/node_modules/iferr/index.js:13:50
25 silly fetchPackageMetaData     at /Users/kaimakle/.nvm/versions/node/v5.0.0/lib/node_modules/npm/lib/utils/pulse-till-done.js:19:8
25 silly fetchPackageMetaData     at saved (/Users/kaimakle/.nvm/versions/node/v5.0.0/lib/node_modules/npm/lib/cache/caching-client.js:168:7)
25 silly fetchPackageMetaData     at /Users/kaimakle/.nvm/versions/node/v5.0.0/lib/node_modules/npm/node_modules/graceful-fs/polyfills.js:210:7
25 silly fetchPackageMetaData     at FSReqWrap.oncomplete (fs.js:82:15)
25 silly fetchPackageMetaData  error for mysql@5.5.0 [Error: No compatible version found: mysql@5.5.0
25 silly fetchPackageMetaData Valid install targets:
25 silly fetchPackageMetaData ["2.13.0","2.12.0","2.11.1","2.11.0","2.10.2","2.10.1","2.10.0","2.9.0","2.8.0","2.7.0","2.6.2","2.6.1","2.6.0","2.5.5","2.5.4","2.5.3","2.5.2","2.5.1","2.5.0","2.4.3","2.4.2","2.4.1","2.4.0","2.3.2","2.3.1","2.3.0","2.2.0","2.1.1","2.1.0","2.0.1","2.0.0","2.0.0-rc2","2.0.0-rc1","2.0.0-alpha9","2.0.0-alpha8","2.0.0-alpha7","2.0.0-alpha6","2.0.0-alpha5","2.0.0-alpha4","2.0.0-alpha3","2.0.0-alpha2","2.0.0-alpha","0.9.6","0.9.5","0.9.4","0.9.3","0.9.2","0.9.1","0.9.0","0.8.0","0.7.0","0.6.0","0.5.0","0.4.0","0.3.0","0.2.0","0.1.0"]
25 silly fetchPackageMetaData ]
26 silly rollbackFailedOptional Starting
27 silly rollbackFailedOptional Finishing
28 silly runTopLevelLifecycles Starting
29 silly runTopLevelLifecycles Finishing
30 silly install printInstalled
31 verbose stack Error: No compatible version found: mysql@5.5.0
31 verbose stack Valid install targets:
31 verbose stack ["2.13.0","2.12.0","2.11.1","2.11.0","2.10.2","2.10.1","2.10.0","2.9.0","2.8.0","2.7.0","2.6.2","2.6.1","2.6.0","2.5.5","2.5.4","2.5.3","2.5.2","2.5.1","2.5.0","2.4.3","2.4.2","2.4.1","2.4.0","2.3.2","2.3.1","2.3.0","2.2.0","2.1.1","2.1.0","2.0.1","2.0.0","2.0.0-rc2","2.0.0-rc1","2.0.0-alpha9","2.0.0-alpha8","2.0.0-alpha7","2.0.0-alpha6","2.0.0-alpha5","2.0.0-alpha4","2.0.0-alpha3","2.0.0-alpha2","2.0.0-alpha","0.9.6","0.9.5","0.9.4","0.9.3","0.9.2","0.9.1","0.9.0","0.8.0","0.7.0","0.6.0","0.5.0","0.4.0","0.3.0","0.2.0","0.1.0"]
31 verbose stack
31 verbose stack     at pickVersionFromRegistryDocument (/Users/kaimakle/.nvm/versions/node/v5.0.0/lib/node_modules/npm/lib/fetch-package-metadata.js:146:16)
31 verbose stack     at /Users/kaimakle/.nvm/versions/node/v5.0.0/lib/node_modules/npm/node_modules/iferr/index.js:13:50
31 verbose stack     at /Users/kaimakle/.nvm/versions/node/v5.0.0/lib/node_modules/npm/lib/utils/pulse-till-done.js:19:8
31 verbose stack     at saved (/Users/kaimakle/.nvm/versions/node/v5.0.0/lib/node_modules/npm/lib/cache/caching-client.js:168:7)
31 verbose stack     at /Users/kaimakle/.nvm/versions/node/v5.0.0/lib/node_modules/npm/node_modules/graceful-fs/polyfills.js:210:7
31 verbose stack     at FSReqWrap.oncomplete (fs.js:82:15)
32 verbose cwd /Users/kaimakle/Documents/Ph.D./node_web_server
33 error Darwin 14.5.0
34 error argv "/Users/kaimakle/.nvm/versions/node/v5.0.0/bin/node" "/Users/kaimakle/.nvm/versions/node/v5.0.0/bin/npm" "install" "mysql@5.5.0"
35 error node v5.0.0
36 error npm  v3.3.6
37 error No compatible version found: mysql@5.5.0
37 error Valid install targets:
37 error ["2.13.0","2.12.0","2.11.1","2.11.0","2.10.2","2.10.1","2.10.0","2.9.0","2.8.0","2.7.0","2.6.2","2.6.1","2.6.0","2.5.5","2.5.4","2.5.3","2.5.2","2.5.1","2.5.0","2.4.3","2.4.2","2.4.1","2.4.0","2.3.2","2.3.1","2.3.0","2.2.0","2.1.1","2.1.0","2.0.1","2.0.0","2.0.0-rc2","2.0.0-rc1","2.0.0-alpha9","2.0.0-alpha8","2.0.0-alpha7","2.0.0-alpha6","2.0.0-alpha5","2.0.0-alpha4","2.0.0-alpha3","2.0.0-alpha2","2.0.0-alpha","0.9.6","0.9.5","0.9.4","0.9.3","0.9.2","0.9.1","0.9.0","0.8.0","0.7.0","0.6.0","0.5.0","0.4.0","0.3.0","0.2.0","0.1.0"]
38 error If you need help, you may report this error at:
38 error     <https://github.com/npm/npm/issues>
39 verbose exit [ 1, true ]
